{"C:\\Development\\CinemaTickets\\index.js": {"path":"C:\\Development\\CinemaTickets\\index.js","statementMap":{"0":{"start":{"line":3,"column":12},"end":{"line":3,"column":21}},"1":{"start":{"line":4,"column":13},"end":{"line":4,"column":37}},"2":{"start":{"line":6,"column":0},"end":{"line":6,"column":24}},"3":{"start":{"line":7,"column":0},"end":{"line":7,"column":48}},"4":{"start":{"line":9,"column":0},"end":{"line":11,"column":3}},"5":{"start":{"line":10,"column":2},"end":{"line":10,"column":22}},"6":{"start":{"line":13,"column":0},"end":{"line":13,"column":34}},"7":{"start":{"line":15,"column":0},"end":{"line":17,"column":3}},"8":{"start":{"line":16,"column":2},"end":{"line":16,"column":50}}},"fnMap":{"0":{"name":"(anonymous_0)","decl":{"start":{"line":9,"column":13},"end":{"line":9,"column":14}},"loc":{"start":{"line":9,"column":27},"end":{"line":11,"column":1}},"line":9},"1":{"name":"(anonymous_1)","decl":{"start":{"line":15,"column":17},"end":{"line":15,"column":18}},"loc":{"start":{"line":15,"column":23},"end":{"line":17,"column":1}},"line":15}},"branchMap":{"0":{"loc":{"start":{"line":4,"column":13},"end":{"line":4,"column":37}},"type":"binary-expr","locations":[{"start":{"line":4,"column":13},"end":{"line":4,"column":29}},{"start":{"line":4,"column":33},"end":{"line":4,"column":37}}],"line":4}},"s":{"0":1,"1":1,"2":1,"3":1,"4":1,"5":0,"6":1,"7":1,"8":1},"f":{"0":0,"1":1},"b":{"0":[1,1]},"_coverageSchema":"1a1c01bbd47fc00a2c39e90264f33305004495a9","hash":"a58ea83db84926e34e3020f4678fb778075c1331"}
,"C:\\Development\\CinemaTickets\\src\\controllers\\ticketController.js": {"path":"C:\\Development\\CinemaTickets\\src\\controllers\\ticketController.js","statementMap":{"0":{"start":{"line":2,"column":22},"end":{"line":2,"column":41}},"1":{"start":{"line":4,"column":31},"end":{"line":16,"column":1}},"2":{"start":{"line":5,"column":4},"end":{"line":15,"column":5}},"3":{"start":{"line":6,"column":25},"end":{"line":6,"column":92}},"4":{"start":{"line":7,"column":8},"end":{"line":7,"column":39}},"5":{"start":{"line":10,"column":8},"end":{"line":14,"column":11}}},"fnMap":{"0":{"name":"(anonymous_0)","decl":{"start":{"line":4,"column":31},"end":{"line":4,"column":32}},"loc":{"start":{"line":4,"column":45},"end":{"line":16,"column":1}},"line":4}},"branchMap":{"0":{"loc":{"start":{"line":12,"column":20},"end":{"line":12,"column":39}},"type":"binary-expr","locations":[{"start":{"line":12,"column":20},"end":{"line":12,"column":32}},{"start":{"line":12,"column":36},"end":{"line":12,"column":39}}],"line":12},"1":{"loc":{"start":{"line":13,"column":21},"end":{"line":13,"column":72}},"type":"binary-expr","locations":[{"start":{"line":13,"column":21},"end":{"line":13,"column":34}},{"start":{"line":13,"column":38},"end":{"line":13,"column":72}}],"line":13}},"s":{"0":1,"1":1,"2":5,"3":5,"4":1,"5":4},"f":{"0":5},"b":{"0":[4,4],"1":[4,0]},"_coverageSchema":"1a1c01bbd47fc00a2c39e90264f33305004495a9","hash":"97404ae8a6e33c83110d9cc26cfddb8eb62f5d4f"}
,"C:\\Development\\CinemaTickets\\src\\pairtest\\TicketService.js": {"path":"C:\\Development\\CinemaTickets\\src\\pairtest\\TicketService.js","statementMap":{"0":{"start":{"line":12,"column":4},"end":{"line":14,"column":5}},"1":{"start":{"line":13,"column":6},"end":{"line":13,"column":69}},"2":{"start":{"line":16,"column":4},"end":{"line":18,"column":5}},"3":{"start":{"line":17,"column":6},"end":{"line":17,"column":74}},"4":{"start":{"line":20,"column":23},"end":{"line":20,"column":64}},"5":{"start":{"line":21,"column":29},"end":{"line":21,"column":82}},"6":{"start":{"line":23,"column":23},"end":{"line":23,"column":64}},"7":{"start":{"line":25,"column":4},"end":{"line":46,"column":5}},"8":{"start":{"line":26,"column":25},"end":{"line":26,"column":71}},"9":{"start":{"line":27,"column":27},"end":{"line":27,"column":68}},"10":{"start":{"line":28,"column":29},"end":{"line":28,"column":55}},"11":{"start":{"line":29,"column":29},"end":{"line":29,"column":57}},"12":{"start":{"line":31,"column":6},"end":{"line":31,"column":52}},"13":{"start":{"line":32,"column":6},"end":{"line":32,"column":71}},"14":{"start":{"line":34,"column":6},"end":{"line":34,"column":56}},"15":{"start":{"line":35,"column":6},"end":{"line":35,"column":76}},"16":{"start":{"line":37,"column":6},"end":{"line":37,"column":58}},"17":{"start":{"line":38,"column":6},"end":{"line":38,"column":76}},"18":{"start":{"line":40,"column":6},"end":{"line":45,"column":7}},"19":{"start":{"line":47,"column":4},"end":{"line":51,"column":5}}},"fnMap":{"0":{"name":"(anonymous_0)","decl":{"start":{"line":11,"column":2},"end":{"line":11,"column":3}},"loc":{"start":{"line":11,"column":38},"end":{"line":52,"column":3}},"line":11}},"branchMap":{"0":{"loc":{"start":{"line":12,"column":4},"end":{"line":14,"column":5}},"type":"if","locations":[{"start":{"line":12,"column":4},"end":{"line":14,"column":5}},{"start":{},"end":{}}],"line":12},"1":{"loc":{"start":{"line":16,"column":4},"end":{"line":18,"column":5}},"type":"if","locations":[{"start":{"line":16,"column":4},"end":{"line":18,"column":5}},{"start":{},"end":{}}],"line":16},"2":{"loc":{"start":{"line":25,"column":4},"end":{"line":46,"column":5}},"type":"if","locations":[{"start":{"line":25,"column":4},"end":{"line":46,"column":5}},{"start":{},"end":{}}],"line":25}},"s":{"0":5,"1":1,"2":4,"3":0,"4":4,"5":4,"6":4,"7":1,"8":1,"9":1,"10":1,"11":1,"12":1,"13":1,"14":1,"15":1,"16":1,"17":1,"18":1,"19":0},"f":{"0":5},"b":{"0":[1,4],"1":[0,4],"2":[1,0]},"_coverageSchema":"1a1c01bbd47fc00a2c39e90264f33305004495a9","hash":"bc5de3c3a8888ae69c443ce768b47545e041240b"}
,"C:\\Development\\CinemaTickets\\src\\pairtest\\lib\\InvalidPurchaseException.js": {"path":"C:\\Development\\CinemaTickets\\src\\pairtest\\lib\\InvalidPurchaseException.js","statementMap":{},"fnMap":{},"branchMap":{},"s":{},"f":{},"b":{},"_coverageSchema":"1a1c01bbd47fc00a2c39e90264f33305004495a9","hash":"ef191360387a4da7b2cc8eb65f9097bcc0f6965c"}
,"C:\\Development\\CinemaTickets\\src\\pairtest\\lib\\TicketHelper.js": {"path":"C:\\Development\\CinemaTickets\\src\\pairtest\\lib\\TicketHelper.js","statementMap":{"0":{"start":{"line":7,"column":33},"end":{"line":27,"column":5}},"1":{"start":{"line":8,"column":29},"end":{"line":8,"column":31}},"2":{"start":{"line":10,"column":8},"end":{"line":14,"column":11}},"3":{"start":{"line":11,"column":12},"end":{"line":13,"column":13}},"4":{"start":{"line":12,"column":16},"end":{"line":12,"column":77}},"5":{"start":{"line":18,"column":8},"end":{"line":24,"column":11}},"6":{"start":{"line":19,"column":12},"end":{"line":23,"column":13}},"7":{"start":{"line":22,"column":16},"end":{"line":22,"column":66}},"8":{"start":{"line":26,"column":8},"end":{"line":26,"column":28}},"9":{"start":{"line":30,"column":8},"end":{"line":30,"column":64}},"10":{"start":{"line":35,"column":33},"end":{"line":35,"column":35}},"11":{"start":{"line":36,"column":8},"end":{"line":38,"column":11}},"12":{"start":{"line":37,"column":12},"end":{"line":37,"column":66}},"13":{"start":{"line":40,"column":8},"end":{"line":40,"column":32}},"14":{"start":{"line":45,"column":22},"end":{"line":45,"column":38}},"15":{"start":{"line":46,"column":22},"end":{"line":46,"column":38}},"16":{"start":{"line":47,"column":23},"end":{"line":47,"column":40}},"17":{"start":{"line":49,"column":8},"end":{"line":51,"column":9}},"18":{"start":{"line":50,"column":8},"end":{"line":50,"column":85}},"19":{"start":{"line":53,"column":8},"end":{"line":55,"column":9}},"20":{"start":{"line":54,"column":8},"end":{"line":54,"column":94}},"21":{"start":{"line":57,"column":8},"end":{"line":59,"column":9}},"22":{"start":{"line":58,"column":8},"end":{"line":58,"column":102}},"23":{"start":{"line":61,"column":8},"end":{"line":61,"column":45}},"24":{"start":{"line":62,"column":8},"end":{"line":62,"column":20}},"25":{"start":{"line":67,"column":20},"end":{"line":67,"column":21}},"26":{"start":{"line":68,"column":8},"end":{"line":70,"column":11}},"27":{"start":{"line":69,"column":12},"end":{"line":69,"column":56}},"28":{"start":{"line":72,"column":8},"end":{"line":72,"column":21}},"29":{"start":{"line":77,"column":20},"end":{"line":77,"column":21}},"30":{"start":{"line":78,"column":8},"end":{"line":82,"column":11}},"31":{"start":{"line":79,"column":12},"end":{"line":81,"column":13}},"32":{"start":{"line":80,"column":16},"end":{"line":80,"column":55}},"33":{"start":{"line":84,"column":8},"end":{"line":84,"column":21}}},"fnMap":{"0":{"name":"(anonymous_0)","decl":{"start":{"line":7,"column":33},"end":{"line":7,"column":34}},"loc":{"start":{"line":7,"column":46},"end":{"line":27,"column":5}},"line":7},"1":{"name":"(anonymous_1)","decl":{"start":{"line":10,"column":37},"end":{"line":10,"column":38}},"loc":{"start":{"line":10,"column":44},"end":{"line":14,"column":9}},"line":10},"2":{"name":"(anonymous_2)","decl":{"start":{"line":18,"column":64},"end":{"line":18,"column":65}},"loc":{"start":{"line":18,"column":71},"end":{"line":24,"column":9}},"line":18},"3":{"name":"(anonymous_3)","decl":{"start":{"line":34,"column":4},"end":{"line":34,"column":5}},"loc":{"start":{"line":34,"column":49},"end":{"line":41,"column":5}},"line":34},"4":{"name":"(anonymous_4)","decl":{"start":{"line":36,"column":37},"end":{"line":36,"column":38}},"loc":{"start":{"line":36,"column":44},"end":{"line":38,"column":9}},"line":36},"5":{"name":"(anonymous_5)","decl":{"start":{"line":44,"column":4},"end":{"line":44,"column":5}},"loc":{"start":{"line":44,"column":37},"end":{"line":63,"column":5}},"line":44},"6":{"name":"(anonymous_6)","decl":{"start":{"line":66,"column":4},"end":{"line":66,"column":5}},"loc":{"start":{"line":66,"column":42},"end":{"line":73,"column":5}},"line":66},"7":{"name":"(anonymous_7)","decl":{"start":{"line":68,"column":37},"end":{"line":68,"column":38}},"loc":{"start":{"line":68,"column":44},"end":{"line":70,"column":9}},"line":68},"8":{"name":"(anonymous_8)","decl":{"start":{"line":76,"column":4},"end":{"line":76,"column":5}},"loc":{"start":{"line":76,"column":37},"end":{"line":85,"column":5}},"line":76},"9":{"name":"(anonymous_9)","decl":{"start":{"line":78,"column":37},"end":{"line":78,"column":38}},"loc":{"start":{"line":78,"column":44},"end":{"line":82,"column":9}},"line":78}},"branchMap":{"0":{"loc":{"start":{"line":11,"column":12},"end":{"line":13,"column":13}},"type":"if","locations":[{"start":{"line":11,"column":12},"end":{"line":13,"column":13}},{"start":{},"end":{}}],"line":11},"1":{"loc":{"start":{"line":19,"column":12},"end":{"line":23,"column":13}},"type":"if","locations":[{"start":{"line":19,"column":12},"end":{"line":23,"column":13}},{"start":{},"end":{}}],"line":19},"2":{"loc":{"start":{"line":19,"column":16},"end":{"line":21,"column":99}},"type":"binary-expr","locations":[{"start":{"line":19,"column":16},"end":{"line":19,"column":56}},{"start":{"line":20,"column":16},"end":{"line":20,"column":70}},{"start":{"line":21,"column":16},"end":{"line":21,"column":99}}],"line":19},"3":{"loc":{"start":{"line":49,"column":8},"end":{"line":51,"column":9}},"type":"if","locations":[{"start":{"line":49,"column":8},"end":{"line":51,"column":9}},{"start":{},"end":{}}],"line":49},"4":{"loc":{"start":{"line":53,"column":8},"end":{"line":55,"column":9}},"type":"if","locations":[{"start":{"line":53,"column":8},"end":{"line":55,"column":9}},{"start":{},"end":{}}],"line":53},"5":{"loc":{"start":{"line":53,"column":11},"end":{"line":53,"column":90}},"type":"binary-expr","locations":[{"start":{"line":53,"column":11},"end":{"line":53,"column":38}},{"start":{"line":53,"column":42},"end":{"line":53,"column":90}}],"line":53},"6":{"loc":{"start":{"line":57,"column":8},"end":{"line":59,"column":9}},"type":"if","locations":[{"start":{"line":57,"column":8},"end":{"line":59,"column":9}},{"start":{},"end":{}}],"line":57},"7":{"loc":{"start":{"line":79,"column":12},"end":{"line":81,"column":13}},"type":"if","locations":[{"start":{"line":79,"column":12},"end":{"line":81,"column":13}},{"start":{},"end":{}}],"line":79}},"s":{"0":1,"1":4,"2":4,"3":12,"4":12,"5":4,"6":12,"7":0,"8":4,"9":0,"10":4,"11":4,"12":12,"13":4,"14":4,"15":4,"16":4,"17":4,"18":1,"19":3,"20":1,"21":2,"22":1,"23":1,"24":1,"25":1,"26":1,"27":3,"28":1,"29":1,"30":1,"31":3,"32":2,"33":1},"f":{"0":4,"1":12,"2":12,"3":4,"4":12,"5":4,"6":1,"7":3,"8":1,"9":3},"b":{"0":[12,0],"1":[0,12],"2":[12,0,0],"3":[1,3],"4":[1,2],"5":[3,3],"6":[1,1],"7":[2,1]},"_coverageSchema":"1a1c01bbd47fc00a2c39e90264f33305004495a9","hash":"cd0a6d0bdfc5125ca654515f5ea2f91211427a51"}
,"C:\\Development\\CinemaTickets\\src\\pairtest\\lib\\TicketTypeRequest.js": {"path":"C:\\Development\\CinemaTickets\\src\\pairtest\\lib\\TicketTypeRequest.js","statementMap":{"0":{"start":{"line":7,"column":28},"end":{"line":11,"column":3}},"1":{"start":{"line":16,"column":4},"end":{"line":18,"column":5}},"2":{"start":{"line":17,"column":6},"end":{"line":17,"column":71}},"3":{"start":{"line":20,"column":4},"end":{"line":22,"column":5}},"4":{"start":{"line":21,"column":6},"end":{"line":21,"column":60}},"5":{"start":{"line":24,"column":4},"end":{"line":24,"column":22}},"6":{"start":{"line":25,"column":4},"end":{"line":25,"column":36}},"7":{"start":{"line":30,"column":22},"end":{"line":30,"column":24}},"8":{"start":{"line":31,"column":4},"end":{"line":37,"column":7}},"9":{"start":{"line":32,"column":6},"end":{"line":36,"column":7}},"10":{"start":{"line":33,"column":8},"end":{"line":33,"column":41}},"11":{"start":{"line":35,"column":8},"end":{"line":35,"column":42}},"12":{"start":{"line":38,"column":4},"end":{"line":38,"column":23}},"13":{"start":{"line":42,"column":4},"end":{"line":42,"column":29}},"14":{"start":{"line":46,"column":4},"end":{"line":46,"column":22}},"15":{"start":{"line":50,"column":4},"end":{"line":50,"column":72}},"16":{"start":{"line":54,"column":4},"end":{"line":54,"column":98}}},"fnMap":{"0":{"name":"(anonymous_0)","decl":{"start":{"line":15,"column":2},"end":{"line":15,"column":3}},"loc":{"start":{"line":15,"column":33},"end":{"line":26,"column":3}},"line":15},"1":{"name":"(anonymous_1)","decl":{"start":{"line":31,"column":60},"end":{"line":31,"column":61}},"loc":{"start":{"line":31,"column":74},"end":{"line":37,"column":5}},"line":31},"2":{"name":"(anonymous_2)","decl":{"start":{"line":41,"column":2},"end":{"line":41,"column":3}},"loc":{"start":{"line":41,"column":19},"end":{"line":43,"column":3}},"line":41},"3":{"name":"(anonymous_3)","decl":{"start":{"line":45,"column":2},"end":{"line":45,"column":3}},"loc":{"start":{"line":45,"column":18},"end":{"line":47,"column":3}},"line":45},"4":{"name":"(anonymous_4)","decl":{"start":{"line":49,"column":2},"end":{"line":49,"column":3}},"loc":{"start":{"line":49,"column":18},"end":{"line":51,"column":3}},"line":49},"5":{"name":"(anonymous_5)","decl":{"start":{"line":53,"column":2},"end":{"line":53,"column":3}},"loc":{"start":{"line":53,"column":23},"end":{"line":55,"column":3}},"line":53}},"branchMap":{"0":{"loc":{"start":{"line":16,"column":4},"end":{"line":18,"column":5}},"type":"if","locations":[{"start":{"line":16,"column":4},"end":{"line":18,"column":5}},{"start":{},"end":{}}],"line":16},"1":{"loc":{"start":{"line":20,"column":4},"end":{"line":22,"column":5}},"type":"if","locations":[{"start":{"line":20,"column":4},"end":{"line":22,"column":5}},{"start":{},"end":{}}],"line":20},"2":{"loc":{"start":{"line":32,"column":6},"end":{"line":36,"column":7}},"type":"if","locations":[{"start":{"line":32,"column":6},"end":{"line":36,"column":7}},{"start":{"line":34,"column":12},"end":{"line":36,"column":7}}],"line":32}},"s":{"0":1,"1":12,"2":0,"3":12,"4":0,"5":12,"6":12,"7":0,"8":0,"9":0,"10":0,"11":0,"12":0,"13":36,"14":3,"15":0,"16":3},"f":{"0":12,"1":0,"2":36,"3":3,"4":0,"5":3},"b":{"0":[0,12],"1":[0,12],"2":[0,0]},"_coverageSchema":"1a1c01bbd47fc00a2c39e90264f33305004495a9","hash":"a377beb5563312e0e3ec4502f42b631bcffd76f7"}
,"C:\\Development\\CinemaTickets\\src\\routers\\ticketRouter.js": {"path":"C:\\Development\\CinemaTickets\\src\\routers\\ticketRouter.js","statementMap":{"0":{"start":{"line":3,"column":28},"end":{"line":3,"column":44}},"1":{"start":{"line":6,"column":0},"end":{"line":8,"column":2}},"2":{"start":{"line":7,"column":2},"end":{"line":7,"column":22}},"3":{"start":{"line":10,"column":0},"end":{"line":10,"column":39}}},"fnMap":{"0":{"name":"(anonymous_0)","decl":{"start":{"line":6,"column":22},"end":{"line":6,"column":23}},"loc":{"start":{"line":6,"column":36},"end":{"line":8,"column":1}},"line":6}},"branchMap":{},"s":{"0":1,"1":1,"2":0,"3":1},"f":{"0":0},"b":{},"_coverageSchema":"1a1c01bbd47fc00a2c39e90264f33305004495a9","hash":"e9ac411cebf056530ace4ce54ebf272fda8ff321"}
,"C:\\Development\\CinemaTickets\\src\\thirdparty\\paymentgateway\\TicketPaymentService.js": {"path":"C:\\Development\\CinemaTickets\\src\\thirdparty\\paymentgateway\\TicketPaymentService.js","statementMap":{"0":{"start":{"line":5,"column":4},"end":{"line":7,"column":5}},"1":{"start":{"line":6,"column":6},"end":{"line":6,"column":58}},"2":{"start":{"line":9,"column":4},"end":{"line":11,"column":5}},"3":{"start":{"line":10,"column":6},"end":{"line":10,"column":65}}},"fnMap":{"0":{"name":"(anonymous_0)","decl":{"start":{"line":4,"column":2},"end":{"line":4,"column":3}},"loc":{"start":{"line":4,"column":43},"end":{"line":12,"column":3}},"line":4}},"branchMap":{"0":{"loc":{"start":{"line":5,"column":4},"end":{"line":7,"column":5}},"type":"if","locations":[{"start":{"line":5,"column":4},"end":{"line":7,"column":5}},{"start":{},"end":{}}],"line":5},"1":{"loc":{"start":{"line":9,"column":4},"end":{"line":11,"column":5}},"type":"if","locations":[{"start":{"line":9,"column":4},"end":{"line":11,"column":5}},{"start":{},"end":{}}],"line":9}},"s":{"0":1,"1":0,"2":1,"3":0},"f":{"0":1},"b":{"0":[0,1],"1":[0,1]},"_coverageSchema":"1a1c01bbd47fc00a2c39e90264f33305004495a9","hash":"76bcbd193ea74e1db47056406c6b9a75b58a3da5"}
,"C:\\Development\\CinemaTickets\\src\\thirdparty\\seatbooking\\SeatReservationService.js": {"path":"C:\\Development\\CinemaTickets\\src\\thirdparty\\seatbooking\\SeatReservationService.js","statementMap":{"0":{"start":{"line":5,"column":4},"end":{"line":7,"column":5}},"1":{"start":{"line":6,"column":6},"end":{"line":6,"column":58}},"2":{"start":{"line":9,"column":4},"end":{"line":11,"column":5}},"3":{"start":{"line":10,"column":6},"end":{"line":10,"column":69}}},"fnMap":{"0":{"name":"(anonymous_0)","decl":{"start":{"line":4,"column":2},"end":{"line":4,"column":3}},"loc":{"start":{"line":4,"column":47},"end":{"line":12,"column":3}},"line":4}},"branchMap":{"0":{"loc":{"start":{"line":5,"column":4},"end":{"line":7,"column":5}},"type":"if","locations":[{"start":{"line":5,"column":4},"end":{"line":7,"column":5}},{"start":{},"end":{}}],"line":5},"1":{"loc":{"start":{"line":9,"column":4},"end":{"line":11,"column":5}},"type":"if","locations":[{"start":{"line":9,"column":4},"end":{"line":11,"column":5}},{"start":{},"end":{}}],"line":9}},"s":{"0":1,"1":0,"2":1,"3":0},"f":{"0":1},"b":{"0":[0,1],"1":[0,1]},"_coverageSchema":"1a1c01bbd47fc00a2c39e90264f33305004495a9","hash":"cb157cc913f9b39d86e9edfa80d22f930bd0f4e4"}
}
