TN:
SF:index.js
FN:9,(anonymous_0)
FN:15,(anonymous_1)
FNF:2
FNH:1
FNDA:0,(anonymous_0)
FNDA:1,(anonymous_1)
DA:3,1
DA:4,1
DA:6,1
DA:7,1
DA:9,1
DA:10,0
DA:13,1
DA:15,1
DA:16,1
LF:9
LH:8
BRDA:4,0,0,1
BRDA:4,0,1,1
BRF:2
BRH:2
end_of_record
TN:
SF:src\controllers\ticketController.js
FN:4,(anonymous_0)
FNF:1
FNH:1
FNDA:5,(anonymous_0)
DA:2,1
DA:4,1
DA:5,5
DA:6,5
DA:7,1
DA:10,4
LF:6
LH:6
BRDA:12,0,0,4
BRDA:12,0,1,4
BRDA:13,1,0,4
BRDA:13,1,1,0
BRF:4
BRH:3
end_of_record
TN:
SF:src\pairtest\TicketService.js
FN:11,(anonymous_0)
FNF:1
FNH:1
FNDA:5,(anonymous_0)
DA:12,5
DA:13,1
DA:16,4
DA:17,0
DA:20,4
DA:21,4
DA:23,4
DA:25,1
DA:26,1
DA:27,1
DA:28,1
DA:29,1
DA:31,1
DA:32,1
DA:34,1
DA:35,1
DA:37,1
DA:38,1
DA:40,1
DA:47,0
LF:20
LH:18
BRDA:12,0,0,1
BRDA:12,0,1,4
BRDA:16,1,0,0
BRDA:16,1,1,4
BRDA:25,2,0,1
BRDA:25,2,1,0
BRF:6
BRH:4
end_of_record
TN:
SF:src\pairtest\lib\InvalidPurchaseException.js
FNF:0
FNH:0
LF:0
LH:0
BRF:0
BRH:0
end_of_record
TN:
SF:src\pairtest\lib\TicketHelper.js
FN:7,(anonymous_0)
FN:10,(anonymous_1)
FN:18,(anonymous_2)
FN:34,(anonymous_3)
FN:36,(anonymous_4)
FN:44,(anonymous_5)
FN:66,(anonymous_6)
FN:68,(anonymous_7)
FN:76,(anonymous_8)
FN:78,(anonymous_9)
FNF:10
FNH:10
FNDA:4,(anonymous_0)
FNDA:12,(anonymous_1)
FNDA:12,(anonymous_2)
FNDA:4,(anonymous_3)
FNDA:12,(anonymous_4)
FNDA:4,(anonymous_5)
FNDA:1,(anonymous_6)
FNDA:3,(anonymous_7)
FNDA:1,(anonymous_8)
FNDA:3,(anonymous_9)
DA:7,1
DA:8,4
DA:10,4
DA:11,12
DA:12,12
DA:18,4
DA:19,12
DA:22,0
DA:26,4
DA:30,0
DA:35,4
DA:36,4
DA:37,12
DA:40,4
DA:45,4
DA:46,4
DA:47,4
DA:49,4
DA:50,1
DA:53,3
DA:54,1
DA:57,2
DA:58,1
DA:61,1
DA:62,1
DA:67,1
DA:68,1
DA:69,3
DA:72,1
DA:77,1
DA:78,1
DA:79,3
DA:80,2
DA:84,1
LF:34
LH:32
BRDA:11,0,0,12
BRDA:11,0,1,0
BRDA:19,1,0,0
BRDA:19,1,1,12
BRDA:19,2,0,12
BRDA:19,2,1,0
BRDA:19,2,2,0
BRDA:49,3,0,1
BRDA:49,3,1,3
BRDA:53,4,0,1
BRDA:53,4,1,2
BRDA:53,5,0,3
BRDA:53,5,1,3
BRDA:57,6,0,1
BRDA:57,6,1,1
BRDA:79,7,0,2
BRDA:79,7,1,1
BRF:17
BRH:13
end_of_record
TN:
SF:src\pairtest\lib\TicketTypeRequest.js
FN:15,(anonymous_0)
FN:31,(anonymous_1)
FN:41,(anonymous_2)
FN:45,(anonymous_3)
FN:49,(anonymous_4)
FN:53,(anonymous_5)
FNF:6
FNH:4
FNDA:12,(anonymous_0)
FNDA:0,(anonymous_1)
FNDA:36,(anonymous_2)
FNDA:3,(anonymous_3)
FNDA:0,(anonymous_4)
FNDA:3,(anonymous_5)
DA:7,1
DA:16,12
DA:17,0
DA:20,12
DA:21,0
DA:24,12
DA:25,12
DA:30,0
DA:31,0
DA:32,0
DA:33,0
DA:35,0
DA:38,0
DA:42,36
DA:46,3
DA:50,0
DA:54,3
LF:17
LH:8
BRDA:16,0,0,0
BRDA:16,0,1,12
BRDA:20,1,0,0
BRDA:20,1,1,12
BRDA:32,2,0,0
BRDA:32,2,1,0
BRF:6
BRH:2
end_of_record
TN:
SF:src\routers\ticketRouter.js
FN:6,(anonymous_0)
FNF:1
FNH:0
FNDA:0,(anonymous_0)
DA:3,1
DA:6,1
DA:7,0
DA:10,1
LF:4
LH:3
BRF:0
BRH:0
end_of_record
TN:
SF:src\thirdparty\paymentgateway\TicketPaymentService.js
FN:4,(anonymous_0)
FNF:1
FNH:1
FNDA:1,(anonymous_0)
DA:5,1
DA:6,0
DA:9,1
DA:10,0
LF:4
LH:2
BRDA:5,0,0,0
BRDA:5,0,1,1
BRDA:9,1,0,0
BRDA:9,1,1,1
BRF:4
BRH:2
end_of_record
TN:
SF:src\thirdparty\seatbooking\SeatReservationService.js
FN:4,(anonymous_0)
FNF:1
FNH:1
FNDA:1,(anonymous_0)
DA:5,1
DA:6,0
DA:9,1
DA:10,0
LF:4
LH:2
BRDA:5,0,0,0
BRDA:5,0,1,1
BRDA:9,1,0,0
BRDA:9,1,1,1
BRF:4
BRH:2
end_of_record
